<?xml version="1.0" encoding="UTF-8"?>
<!-- Generated by org.testng.reporters.JUnitReportReporter -->
<testsuite hostname="Jyothi" name="TestCase.NewTest2" tests="1" failures="0" timestamp="25 Dec 2019 13:10:05 GMT" time="77.639" errors="0">
  <testcase name="f2" time="77.639" classname="TestCase.NewTest2"/>
</testsuite> <!-- TestCase.NewTest2 -->
