<?xml version="1.0" encoding="UTF-8"?>
<!-- Generated by org.testng.reporters.JUnitReportReporter -->
<testsuite hostname="Jyothi" name="pack1.NewTest" tests="1" failures="0" timestamp="24 Nov 2019 09:36:53 GMT" time="78.566" errors="0">
  <testcase name="f1" time="78.566" classname="pack1.NewTest"/>
</testsuite> <!-- pack1.NewTest -->
